Symptom alala : 1
Symptom anxiety : 5
Symptom arrhythmias : 3
Symptom blindness : 1
Symptom blurred vision : 5
Symptom constricted pupils : 3
Symptom cough : 6
Symptom dilated pupils : 4
Symptom dizziness : 5
Symptom dry mouth : 8
Symptom fever : 7
Symptom headache : 3
Symptom high blood pressure : 10
Symptom inflammation : 7
Symptom insomnia : 4
Symptom jajaja : 1
Symptom jajajaj : 1
Symptom lalal : 1
Symptom lalala : 1
Symptom lolo : 2
Symptom low blood pressure : 4
Symptom nausea : 5
Symptom rapid heart rate : 1
Symptom rash : 4
Symptom shortness of breath : 3
Symptom stiff neck : 4
Symptom stomach pain : 3
Symptom tremor : 4
Symptom water retention : 1
